This is XeTeX, Version 3.141592653-2.6-0.999994 (TeX Live 2022) (preloaded format=xelatex 2022.8.14)  18 AUG 2022 15:54
entering extended mode
 restricted \write18 enabled.
 %&-line parsing enabled.
**Presentation.tex
(./Presentation.tex
LaTeX2e <2022-06-01> patch level 5
L3 programming layer <2022-08-05>

! LaTeX Error: File `beamer.cls' not found.

Type X to quit or <RETURN> to proceed,
or enter new name. (Default extension: cls)

Enter file name: 
! Emergency stop.
<read *> 
         
l.8 \usepackage
               {pgfpages}^^M 
Here is how much of TeX's memory you used:
 28 strings out of 477855
 506 string characters out of 5844646
 299378 words of memory out of 5000000
 21070 multiletter control sequences out of 15000+600000
 469259 words of font info for 28 fonts, out of 8000000 for 9000
 14 hyphenation exceptions out of 8191
 19i,0n,29p,91b,17s stack positions out of 10000i,1000n,20000p,200000b,200000s

No pages of output.
